<?xml version="1.0" encoding="UTF-8"?>
<!-- Generated by org.testng.reporters.JUnitReportReporter -->
<testsuite hostname="DESKTOP-IKL7DTL" failures="0" tests="4" name="cucumberOptions.TestRunner" time="105.559" errors="0" timestamp="26 Apr 2020 19:38:12 GMT">
  <testcase classname="cucumberOptions.TestRunner" name="runScenario" time="25.934"/>
  <testcase classname="cucumberOptions.TestRunner" name="runScenario" time="25.775"/>
  <testcase classname="cucumberOptions.TestRunner" name="runScenario" time="30.604"/>
  <testcase classname="cucumberOptions.TestRunner" name="runScenario" time="23.246"/>
</testsuite> <!-- cucumberOptions.TestRunner -->
